<?xml version="1.0" encoding="UTF-8" ?>
<testsuite errors="0" failures="6" hostname="Bassman" name="Configuracion.FollowerTest" tests="6" time="0.187" timestamp="2012-12-07T13:02:14">
  <properties>
[...]
</properties>
  <testcase classname="Configuracion.FollowerTest" name="testSetIdRelation" time="0.016">
    <failure message="The test case is a prototype." type="junit.framework.AssertionFailedError">junit.framework.AssertionFailedError: The test case is a prototype.
	at Configuracion.FollowerTest.testSetIdRelation(FollowerTest.java:63)
</failure>
  </testcase>
  <testcase classname="Configuracion.FollowerTest" name="testGetIdRelation" time="0.018">
    <failure message="The test case is a prototype." type="junit.framework.AssertionFailedError">junit.framework.AssertionFailedError: The test case is a prototype.
	at Configuracion.FollowerTest.testGetIdRelation(FollowerTest.java:50)
</failure>
  </testcase>
  <testcase classname="Configuracion.FollowerTest" name="testGetUserByIdFollower" time="0.002">
    <failure message="The test case is a prototype." type="junit.framework.AssertionFailedError">junit.framework.AssertionFailedError: The test case is a prototype.
	at Configuracion.FollowerTest.testGetUserByIdFollower(FollowerTest.java:77)
</failure>
  </testcase>
  <testcase classname="Configuracion.FollowerTest" name="testSetUserByIdFollower" time="0.004">
    <failure message="The test case is a prototype." type="junit.framework.AssertionFailedError">junit.framework.AssertionFailedError: The test case is a prototype.
	at Configuracion.FollowerTest.testSetUserByIdFollower(FollowerTest.java:90)
</failure>
  </testcase>
  <testcase classname="Configuracion.FollowerTest" name="testGetUserByIdFollowed" time="0.002">
    <failure message="The test case is a prototype." type="junit.framework.AssertionFailedError">junit.framework.AssertionFailedError: The test case is a prototype.
	at Configuracion.FollowerTest.testGetUserByIdFollowed(FollowerTest.java:104)
</failure>
  </testcase>
  <testcase classname="Configuracion.FollowerTest" name="testSetUserByIdFollowed" time="0.002">
    <failure message="The test case is a prototype." type="junit.framework.AssertionFailedError">junit.framework.AssertionFailedError: The test case is a prototype.
	at Configuracion.FollowerTest.testSetUserByIdFollowed(FollowerTest.java:117)
</failure>
  </testcase>
  <system-out><![CDATA[setIdRelation
getIdRelation
getUserByIdFollower
setUserByIdFollower
getUserByIdFollowed
setUserByIdFollowed
]]></system-out>
  <system-err><![CDATA[]]></system-err>
</testsuite>
